<?xml version='1.0' encoding='UTF-8'?>
<testsuite hostname="jose-ThinkPad-L440" name="AmilGameLog_in_Scala_Test_Spec" tests="3" errors="0" failures="0" skipped="0" time="0.011" timestamp="2020-05-12T16:37:16">
                     <properties>
[...]
</properties>
                     <testcase classname="AmilGameLog_in_Scala_Test_Spec" name="Testing AmilGameLog should valid path for log file" time="0.009">
                                                 
                                               </testcase><testcase classname="AmilGameLog_in_Scala_Test_Spec" name="Testing AmilGameLog should throw FileNotFoundException or NullPointerException if resource or file not found and show message in portuguese" time="0.001">
                                                 
                                               </testcase><testcase classname="AmilGameLog_in_Scala_Test_Spec" name="Testing AmilGameLog should throw Exception if file empty" time="0.001">
                                                 
                                               </testcase>
                     <system-out><![CDATA[]]></system-out>
                     <system-err><![CDATA[]]></system-err>
                   </testsuite>